Flow report for lab1_conjunctor
Thu Oct 24 14:08:26 2024
Quartus Prime Version 20.1.0 Build 711 06/05/2020 SJ Lite Edition


---------------------
; Table of Contents ;
---------------------
  1. Legal Notice
  2. Flow Summary
  3. Flow Settings
  4. Flow Non-Default Global Settings
  5. Flow Elapsed Time
  6. Flow OS Summary
  7. Flow Log
  8. Flow Messages
  9. Flow Suppressed Messages



----------------
; Legal Notice ;
----------------
Copyright (C) 2020  Intel Corporation. All rights reserved.
Your use of Intel Corporation's design tools, logic functions 
and other software and tools, and any partner logic 
functions, and any output files from any of the foregoing 
(including device programming or simulation files), and any 
associated documentation or information are expressly subject 
to the terms and conditions of the Intel Program License 
Subscription Agreement, the Intel Quartus Prime License Agreement,
the Intel FPGA IP License Agreement, or other applicable license
agreement, including, without limitation, that your use is for
the sole purpose of programming logic devices manufactured by
Intel and sold by Intel or its authorized distributors.  Please
refer to the applicable agreement for further details, at
https://fpgasoftware.intel.com/eula.



+----------------------------------------------------------------------------------+
; Flow Summary                                                                     ;
+------------------------------------+---------------------------------------------+
; Flow Status                        ; Successful - Thu Oct 24 14:08:26 2024       ;
; Quartus Prime Version              ; 20.1.0 Build 711 06/05/2020 SJ Lite Edition ;
; Revision Name                      ; lab1_conjunctor                             ;
; Top-level Entity Name              ; Schem_1_1                                   ;
; Family                             ; Cyclone IV E                                ;
; Device                             ; EP4CE6E22C8L                                ;
; Timing Models                      ; Final                                       ;
; Total logic elements               ; 1 / 6,272 ( < 1 % )                         ;
;     Total combinational functions  ; 1 / 6,272 ( < 1 % )                         ;
;     Dedicated logic registers      ; 0 / 6,272 ( 0 % )                           ;
; Total registers                    ; 0                                           ;
; Total pins                         ; 4 / 92 ( 4 % )                              ;
; Total virtual pins                 ; 0                                           ;
; Total memory bits                  ; 0 / 276,480 ( 0 % )                         ;
; Embedded Multiplier 9-bit elements ; 0 / 30 ( 0 % )                              ;
; Total PLLs                         ; 0 / 2 ( 0 % )                               ;
+------------------------------------+---------------------------------------------+


+-----------------------------------------+
; Flow Settings                           ;
+-------------------+---------------------+
; Option            ; Setting             ;
+-------------------+---------------------+
; Start date & time ; 10/24/2024 13:54:03 ;
; Main task         ; Compilation         ;
; Revision Name     ; lab1_conjunctor     ;
+-------------------+---------------------+


+--------------------------------------------------------------------------------------------------------------------------------------------------+
; Flow Non-Default Global Settings                                                                                                                 ;
+-------------------------------------+----------------------------------------+-----------------+-------------+-----------------------------------+
; Assignment Name                     ; Value                                  ; Default Value   ; Entity Name ; Section Id                        ;
+-------------------------------------+----------------------------------------+-----------------+-------------+-----------------------------------+
; COMPILER_SIGNATURE_ID               ; 31264765133114.172976724308420         ; --              ; --          ; --                                ;
; EDA_GENERATE_FUNCTIONAL_NETLIST     ; Off                                    ; --              ; --          ; eda_board_design_timing           ;
; EDA_GENERATE_FUNCTIONAL_NETLIST     ; Off                                    ; --              ; --          ; eda_board_design_boundary_scan    ;
; EDA_GENERATE_FUNCTIONAL_NETLIST     ; Off                                    ; --              ; --          ; eda_board_design_signal_integrity ;
; EDA_GENERATE_FUNCTIONAL_NETLIST     ; Off                                    ; --              ; --          ; eda_board_design_symbol           ;
; EDA_OUTPUT_DATA_FORMAT              ; Vhdl                                   ; --              ; --          ; eda_simulation                    ;
; EDA_SIMULATION_TOOL                 ; Custom VHDL                            ; <None>          ; --          ; --                                ;
; EDA_TIME_SCALE                      ; 1 ps                                   ; --              ; --          ; eda_simulation                    ;
; MAX_CORE_JUNCTION_TEMP              ; 85                                     ; --              ; --          ; --                                ;
; MIN_CORE_JUNCTION_TEMP              ; 0                                      ; --              ; --          ; --                                ;
; NOMINAL_CORE_SUPPLY_VOLTAGE         ; 1.0V                                   ; --              ; --          ; --                                ;
; PARTITION_COLOR                     ; -- (Not supported for targeted family) ; --              ; Schem_1_1   ; Top                               ;
; PARTITION_FITTER_PRESERVATION_LEVEL ; -- (Not supported for targeted family) ; --              ; Schem_1_1   ; Top                               ;
; PARTITION_NETLIST_TYPE              ; -- (Not supported for targeted family) ; --              ; Schem_1_1   ; Top                               ;
; PROJECT_OUTPUT_DIRECTORY            ; output_files                           ; --              ; --          ; --                                ;
; TOP_LEVEL_ENTITY                    ; Schem_1_1                              ; lab1_conjunctor ; --          ; --                                ;
+-------------------------------------+----------------------------------------+-----------------+-------------+-----------------------------------+


+--------------------------------------------------------------------------------------------------------------------------+
; Flow Elapsed Time                                                                                                        ;
+----------------------+--------------+-------------------------+---------------------+------------------------------------+
; Module Name          ; Elapsed Time ; Average Processors Used ; Peak Virtual Memory ; Total CPU Time (on all processors) ;
+----------------------+--------------+-------------------------+---------------------+------------------------------------+
; Analysis & Synthesis ; 00:00:19     ; 1.0                     ; 4789 MB             ; 00:00:35                           ;
; Fitter               ; 00:00:12     ; 1.0                     ; 5483 MB             ; 00:00:07                           ;
; Assembler            ; 00:00:02     ; 1.0                     ; 4680 MB             ; 00:00:01                           ;
; Timing Analyzer      ; 00:00:03     ; 1.0                     ; 4749 MB             ; 00:00:03                           ;
; EDA Netlist Writer   ; 00:00:01     ; 1.0                     ; 4634 MB             ; 00:00:01                           ;
; EDA Netlist Writer   ; 00:00:01     ; 1.0                     ; 4625 MB             ; 00:00:01                           ;
; EDA Netlist Writer   ; 00:00:01     ; 1.0                     ; 4634 MB             ; 00:00:01                           ;
; Total                ; 00:00:39     ; --                      ; --                  ; 00:00:49                           ;
+----------------------+--------------+-------------------------+---------------------+------------------------------------+


+------------------------------------------------------------------------------------+
; Flow OS Summary                                                                    ;
+----------------------+------------------+------------+------------+----------------+
; Module Name          ; Machine Hostname ; OS Name    ; OS Version ; Processor type ;
+----------------------+------------------+------------+------------+----------------+
; Analysis & Synthesis ; DESKTOP-N89382G  ; Windows 10 ; 10.0       ; x86_64         ;
; Fitter               ; DESKTOP-N89382G  ; Windows 10 ; 10.0       ; x86_64         ;
; Assembler            ; DESKTOP-N89382G  ; Windows 10 ; 10.0       ; x86_64         ;
; Timing Analyzer      ; DESKTOP-N89382G  ; Windows 10 ; 10.0       ; x86_64         ;
; EDA Netlist Writer   ; DESKTOP-N89382G  ; Windows 10 ; 10.0       ; x86_64         ;
; EDA Netlist Writer   ; DESKTOP-N89382G  ; Windows 10 ; 10.0       ; x86_64         ;
; EDA Netlist Writer   ; DESKTOP-N89382G  ; Windows 10 ; 10.0       ; x86_64         ;
+----------------------+------------------+------------+------------+----------------+


------------
; Flow Log ;
------------
quartus_map --read_settings_files=on --write_settings_files=off lab1_conjunctor -c lab1_conjunctor
quartus_fit --read_settings_files=off --write_settings_files=off lab1_conjunctor -c lab1_conjunctor
quartus_asm --read_settings_files=off --write_settings_files=off lab1_conjunctor -c lab1_conjunctor
quartus_sta lab1_conjunctor -c lab1_conjunctor
quartus_eda --read_settings_files=off --write_settings_files=off lab1_conjunctor -c lab1_conjunctor
quartus_eda --gen_testbench --tool=modelsim_oem --format=verilog --write_settings_files=off lab1_conjunctor -c lab1_conjunctor --vector_source=E:/QuartusLab/lab1_conjunctor/Otchet_1.vwf --testbench_file=E:/QuartusLab/lab1_conjunctor/simulation/qsim/Otchet_1.vwf.vt
quartus_eda --write_settings_files=off --simulation=on --functional=on --flatten_buses=off --tool=modelsim_oem --format=verilog --output_directory=E:/QuartusLab/lab1_conjunctor/simulation/qsim/ lab1_conjunctor -c lab1_conjunctor



