Assembler report for lab3_decoder
Thu Oct 31 07:57:49 2024
Quartus Prime Version 20.1.0 Build 711 06/05/2020 SJ Lite Edition


---------------------
; Table of Contents ;
---------------------
  1. Legal Notice
  2. Assembler Summary
  3. Assembler Settings
  4. Assembler Generated Files
  5. Assembler Device Options: E:/QuartusLab/lab3/lab3_decoder/output_files/lab3_decoder.sof
  6. Assembler Messages



----------------
; Legal Notice ;
----------------
Copyright (C) 2020  Intel Corporation. All rights reserved.
Your use of Intel Corporation's design tools, logic functions 
and other software and tools, and any partner logic 
functions, and any output files from any of the foregoing 
(including device programming or simulation files), and any 
associated documentation or information are expressly subject 
to the terms and conditions of the Intel Program License 
Subscription Agreement, the Intel Quartus Prime License Agreement,
the Intel FPGA IP License Agreement, or other applicable license
agreement, including, without limitation, that your use is for
the sole purpose of programming logic devices manufactured by
Intel and sold by Intel or its authorized distributors.  Please
refer to the applicable agreement for further details, at
https://fpgasoftware.intel.com/eula.



+---------------------------------------------------------------+
; Assembler Summary                                             ;
+-----------------------+---------------------------------------+
; Assembler Status      ; Successful - Thu Oct 31 07:57:49 2024 ;
; Revision Name         ; lab3_decoder                          ;
; Top-level Entity Name ; Schem1_1                              ;
; Family                ; Cyclone IV E                          ;
; Device                ; EP4CE6E22C8L                          ;
+-----------------------+---------------------------------------+


+----------------------------------+
; Assembler Settings               ;
+--------+---------+---------------+
; Option ; Setting ; Default Value ;
+--------+---------+---------------+


+---------------------------------------------------------------+
; Assembler Generated Files                                     ;
+---------------------------------------------------------------+
; File Name                                                     ;
+---------------------------------------------------------------+
; E:/QuartusLab/lab3/lab3_decoder/output_files/lab3_decoder.sof ;
+---------------------------------------------------------------+


+-----------------------------------------------------------------------------------------+
; Assembler Device Options: E:/QuartusLab/lab3/lab3_decoder/output_files/lab3_decoder.sof ;
+----------------+------------------------------------------------------------------------+
; Option         ; Setting                                                                ;
+----------------+------------------------------------------------------------------------+
; JTAG usercode  ; 0x00095F4C                                                             ;
; Checksum       ; 0x00095F4C                                                             ;
+----------------+------------------------------------------------------------------------+


+--------------------+
; Assembler Messages ;
+--------------------+
Info: *******************************************************************
Info: Running Quartus Prime Assembler
    Info: Version 20.1.0 Build 711 06/05/2020 SJ Lite Edition
    Info: Processing started: Thu Oct 31 07:57:48 2024
Info: Command: quartus_asm --read_settings_files=off --write_settings_files=off lab3_decoder -c lab3_decoder
Warning (18236): Number of processors has not been specified which may cause overloading on shared machines.  Set the global assignment NUM_PARALLEL_PROCESSORS in your QSF to an appropriate value for best performance.
Info (115031): Writing out detailed assembly data for power analysis
Info (115030): Assembler is generating device programming files
Info: Quartus Prime Assembler was successful. 0 errors, 1 warning
    Info: Peak virtual memory: 4678 megabytes
    Info: Processing ended: Thu Oct 31 07:57:49 2024
    Info: Elapsed time: 00:00:01
    Info: Total CPU time (on all processors): 00:00:01


